[30-Oct-2018 00:03:57 UTC] PHP Parse error:  syntax error, unexpected '{' in /home/ubuntu/workspace/cst336/labs/777/index.php on line 14
[30-Oct-2018 00:04:00 UTC] PHP Parse error:  syntax error, unexpected '{' in /home/ubuntu/workspace/cst336/labs/777/index.php on line 14
[30-Oct-2018 23:49:29 UTC] PHP Parse error:  syntax error, unexpected 'break' (T_BREAK) in /home/ubuntu/workspace/cst336/labs/777/index.php on line 23
[30-Oct-2018 23:49:32 UTC] PHP Parse error:  syntax error, unexpected 'break' (T_BREAK) in /home/ubuntu/workspace/cst336/labs/777/index.php on line 23
[31-Oct-2018 00:03:14 UTC] PHP Parse error:  syntax error, unexpected '}' in /home/ubuntu/workspace/cst336/labs/777/index.php on line 52
[31-Oct-2018 00:05:05 UTC] PHP Parse error:  syntax error, unexpected 'function' (T_FUNCTION) in /home/ubuntu/workspace/cst336/labs/777/index.php on line 14
[31-Oct-2018 00:05:32 UTC] PHP Parse error:  syntax error, unexpected '<' in /home/ubuntu/workspace/cst336/labs/777/index.php on line 36
[31-Oct-2018 00:42:52 UTC] PHP Parse error:  syntax error, unexpected ''inc/functions.php'' (T_CONSTANT_ENCAPSED_STRING) in /home/ubuntu/workspace/cst336/labs/777/index.php on line 8
[31-Oct-2018 00:46:41 UTC] PHP Fatal error:  Call to undefined function play() in /home/ubuntu/workspace/cst336/labs/777/index.php on line 9
[31-Oct-2018 00:46:41 UTC] PHP Stack trace:
[31-Oct-2018 00:46:41 UTC] PHP   1. {main}() /home/ubuntu/workspace/cst336/labs/777/index.php:0
[31-Oct-2018 00:55:47 UTC] PHP Parse error:  syntax error, unexpected ',' in /home/ubuntu/workspace/cst336/labs/777/inc/functions.php on line 39
[31-Oct-2018 00:55:47 UTC] PHP Stack trace:
[31-Oct-2018 00:55:47 UTC] PHP   1. {main}() /home/ubuntu/workspace/cst336/labs/777/index.php:0
[07-Nov-2018 00:59:28 UTC] PHP Warning:  include(api/pixalbayAPI.php): failed to open stream: No such file or directory in /home/ubuntu/workspace/cst336/labs/lab3/index.php on line 7
[07-Nov-2018 00:59:28 UTC] PHP Stack trace:
[07-Nov-2018 00:59:28 UTC] PHP   1. {main}() /home/ubuntu/workspace/cst336/labs/lab3/index.php:0
[07-Nov-2018 00:59:28 UTC] PHP Warning:  include(): Failed opening 'api/pixalbayAPI.php' for inclusion (include_path='.:/usr/share/php:/usr/share/pear') in /home/ubuntu/workspace/cst336/labs/lab3/index.php on line 7
[07-Nov-2018 00:59:28 UTC] PHP Stack trace:
[07-Nov-2018 00:59:28 UTC] PHP   1. {main}() /home/ubuntu/workspace/cst336/labs/lab3/index.php:0
[07-Nov-2018 00:59:28 UTC] PHP Fatal error:  Call to undefined function getImageURLS() in /home/ubuntu/workspace/cst336/labs/lab3/index.php on line 8
[07-Nov-2018 00:59:28 UTC] PHP Stack trace:
[07-Nov-2018 00:59:28 UTC] PHP   1. {main}() /home/ubuntu/workspace/cst336/labs/lab3/index.php:0
[07-Nov-2018 00:59:55 UTC] PHP Fatal error:  Call to undefined function r() in /home/ubuntu/workspace/cst336/labs/lab3/index.php on line 9
[07-Nov-2018 00:59:55 UTC] PHP Stack trace:
[07-Nov-2018 00:59:55 UTC] PHP   1. {main}() /home/ubuntu/workspace/cst336/labs/lab3/index.php:0
[07-Nov-2018 01:17:24 UTC] PHP Fatal error:  Call to undefined function random() in /home/ubuntu/workspace/cst336/labs/lab3/index.php on line 32
[07-Nov-2018 01:17:24 UTC] PHP Stack trace:
[07-Nov-2018 01:17:24 UTC] PHP   1. {main}() /home/ubuntu/workspace/cst336/labs/lab3/index.php:0
[07-Nov-2018 01:22:47 UTC] PHP Fatal error:  Maximum execution time of 300 seconds exceeded in /home/ubuntu/workspace/cst336/labs/lab3/index.php on line 32
[07-Nov-2018 01:22:47 UTC] PHP Stack trace:
[07-Nov-2018 01:22:47 UTC] PHP   1. {main}() /home/ubuntu/workspace/cst336/labs/lab3/index.php:0
[07-Nov-2018 02:55:51 UTC] PHP Fatal error:  Maximum execution time of 300 seconds exceeded in /home/ubuntu/workspace/cst336/labs/lab3/index.php on line 48
[07-Nov-2018 02:55:51 UTC] PHP Stack trace:
[07-Nov-2018 02:55:51 UTC] PHP   1. {main}() /home/ubuntu/workspace/cst336/labs/lab3/index.php:0
[07-Nov-2018 02:55:51 UTC] PHP   2. count() /home/ubuntu/workspace/cst336/labs/lab3/index.php:48
[07-Nov-2018 03:00:06 UTC] PHP Fatal error:  Maximum execution time of 300 seconds exceeded in /home/ubuntu/workspace/cst336/labs/lab3/index.php on line 48
[07-Nov-2018 03:00:06 UTC] PHP Stack trace:
[07-Nov-2018 03:00:06 UTC] PHP   1. {main}() /home/ubuntu/workspace/cst336/labs/lab3/index.php:0
[07-Nov-2018 03:48:31 UTC] PHP Fatal error:  Maximum execution time of 300 seconds exceeded in /home/ubuntu/workspace/cst336/labs/lab3/index.php on line 50
[07-Nov-2018 03:48:31 UTC] PHP Stack trace:
[07-Nov-2018 03:48:31 UTC] PHP   1. {main}() /home/ubuntu/workspace/cst336/labs/lab3/index.php:0
[07-Nov-2018 03:48:31 UTC] PHP   2. rand() /home/ubuntu/workspace/cst336/labs/lab3/index.php:50
[07-Nov-2018 03:53:52 UTC] PHP Parse error:  syntax error, unexpected '$backgroundImage' (T_VARIABLE) in /home/ubuntu/workspace/cst336/labs/lab3/index.php on line 10
[07-Nov-2018 04:11:48 UTC] PHP Fatal error:  Maximum execution time of 300 seconds exceeded in /home/ubuntu/workspace/cst336/labs/lab3/index.php on line 54
[07-Nov-2018 04:11:48 UTC] PHP Stack trace:
[07-Nov-2018 04:11:48 UTC] PHP   1. {main}() /home/ubuntu/workspace/cst336/labs/lab3/index.php:0
[07-Nov-2018 04:21:35 UTC] PHP Fatal error:  Maximum execution time of 300 seconds exceeded in /home/ubuntu/workspace/cst336/labs/lab3/index.php on line 56
[07-Nov-2018 04:21:35 UTC] PHP Stack trace:
[07-Nov-2018 04:21:35 UTC] PHP   1. {main}() /home/ubuntu/workspace/cst336/labs/lab3/index.php:0
[07-Nov-2018 04:22:02 UTC] PHP Fatal error:  Maximum execution time of 300 seconds exceeded in /home/ubuntu/workspace/cst336/labs/lab3/index.php on line 56
[07-Nov-2018 04:22:02 UTC] PHP Stack trace:
[07-Nov-2018 04:22:02 UTC] PHP   1. {main}() /home/ubuntu/workspace/cst336/labs/lab3/index.php:0
[07-Nov-2018 04:23:36 UTC] PHP Fatal error:  Maximum execution time of 300 seconds exceeded in /home/ubuntu/workspace/cst336/labs/lab3/index.php on line 56
[07-Nov-2018 04:23:36 UTC] PHP Stack trace:
[07-Nov-2018 04:23:36 UTC] PHP   1. {main}() /home/ubuntu/workspace/cst336/labs/lab3/index.php:0
[07-Nov-2018 04:24:55 UTC] PHP Fatal error:  Maximum execution time of 300 seconds exceeded in /home/ubuntu/workspace/cst336/labs/lab3/index.php on line 58
[07-Nov-2018 04:24:55 UTC] PHP Stack trace:
[07-Nov-2018 04:24:55 UTC] PHP   1. {main}() /home/ubuntu/workspace/cst336/labs/lab3/index.php:0
[13-Nov-2018 05:05:47 UTC] PHP Warning:  array_push() expects parameter 1 to be array, string given in /home/ubuntu/workspace/cst336/labs/scart/index.php on line 20
[13-Nov-2018 05:05:47 UTC] PHP Stack trace:
[13-Nov-2018 05:05:47 UTC] PHP   1. {main}() /home/ubuntu/workspace/cst336/labs/scart/index.php:0
[13-Nov-2018 05:05:47 UTC] PHP   2. array_push() /home/ubuntu/workspace/cst336/labs/scart/index.php:20
[13-Nov-2018 05:05:50 UTC] PHP Warning:  array_push() expects parameter 1 to be array, string given in /home/ubuntu/workspace/cst336/labs/scart/index.php on line 20
[13-Nov-2018 05:05:50 UTC] PHP Stack trace:
[13-Nov-2018 05:05:50 UTC] PHP   1. {main}() /home/ubuntu/workspace/cst336/labs/scart/index.php:0
[13-Nov-2018 05:05:50 UTC] PHP   2. array_push() /home/ubuntu/workspace/cst336/labs/scart/index.php:20
[13-Nov-2018 05:05:51 UTC] PHP Fatal error:  Call to undefined function displayCart() in /home/ubuntu/workspace/cst336/labs/scart/scart.php on line 35
[13-Nov-2018 05:05:51 UTC] PHP Stack trace:
[13-Nov-2018 05:05:51 UTC] PHP   1. {main}() /home/ubuntu/workspace/cst336/labs/scart/scart.php:0
[13-Nov-2018 05:07:34 UTC] PHP Fatal error:  Call to undefined function displayCart() in /home/ubuntu/workspace/cst336/labs/scart/scart.php on line 35
[13-Nov-2018 05:07:34 UTC] PHP Stack trace:
[13-Nov-2018 05:07:34 UTC] PHP   1. {main}() /home/ubuntu/workspace/cst336/labs/scart/scart.php:0
[13-Nov-2018 05:07:43 UTC] PHP Warning:  array_push() expects parameter 1 to be array, string given in /home/ubuntu/workspace/cst336/labs/scart/index.php on line 20
[13-Nov-2018 05:07:43 UTC] PHP Stack trace:
[13-Nov-2018 05:07:43 UTC] PHP   1. {main}() /home/ubuntu/workspace/cst336/labs/scart/index.php:0
[13-Nov-2018 05:07:43 UTC] PHP   2. array_push() /home/ubuntu/workspace/cst336/labs/scart/index.php:20
[13-Nov-2018 05:07:45 UTC] PHP Warning:  array_push() expects parameter 1 to be array, string given in /home/ubuntu/workspace/cst336/labs/scart/index.php on line 20
[13-Nov-2018 05:07:45 UTC] PHP Stack trace:
[13-Nov-2018 05:07:45 UTC] PHP   1. {main}() /home/ubuntu/workspace/cst336/labs/scart/index.php:0
[13-Nov-2018 05:07:45 UTC] PHP   2. array_push() /home/ubuntu/workspace/cst336/labs/scart/index.php:20
[13-Nov-2018 05:07:47 UTC] PHP Fatal error:  Call to undefined function displayCart() in /home/ubuntu/workspace/cst336/labs/scart/scart.php on line 35
[13-Nov-2018 05:07:47 UTC] PHP Stack trace:
[13-Nov-2018 05:07:47 UTC] PHP   1. {main}() /home/ubuntu/workspace/cst336/labs/scart/scart.php:0
[13-Nov-2018 05:09:33 UTC] PHP Fatal error:  Call to undefined function displayCart() in /home/ubuntu/workspace/cst336/labs/scart/scart.php on line 35
[13-Nov-2018 05:09:33 UTC] PHP Stack trace:
[13-Nov-2018 05:09:33 UTC] PHP   1. {main}() /home/ubuntu/workspace/cst336/labs/scart/scart.php:0
[13-Nov-2018 05:18:53 UTC] PHP Warning:  Illegal string offset 'name' in /home/ubuntu/workspace/cst336/labs/scart/functions.php on line 39
[13-Nov-2018 05:18:53 UTC] PHP Stack trace:
[13-Nov-2018 05:18:53 UTC] PHP   1. {main}() /home/ubuntu/workspace/cst336/labs/scart/scart.php:0
[13-Nov-2018 05:18:53 UTC] PHP   2. displayCart() /home/ubuntu/workspace/cst336/labs/scart/scart.php:36
[13-Nov-2018 05:18:53 UTC] PHP Warning:  Illegal string offset 'salePrice' in /home/ubuntu/workspace/cst336/labs/scart/functions.php on line 40
[13-Nov-2018 05:18:53 UTC] PHP Stack trace:
[13-Nov-2018 05:18:53 UTC] PHP   1. {main}() /home/ubuntu/workspace/cst336/labs/scart/scart.php:0
[13-Nov-2018 05:18:53 UTC] PHP   2. displayCart() /home/ubuntu/workspace/cst336/labs/scart/scart.php:36
[13-Nov-2018 05:18:53 UTC] PHP Warning:  Illegal string offset 'thumbnailImage' in /home/ubuntu/workspace/cst336/labs/scart/functions.php on line 41
[13-Nov-2018 05:18:53 UTC] PHP Stack trace:
[13-Nov-2018 05:18:53 UTC] PHP   1. {main}() /home/ubuntu/workspace/cst336/labs/scart/scart.php:0
[13-Nov-2018 05:18:53 UTC] PHP   2. displayCart() /home/ubuntu/workspace/cst336/labs/scart/scart.php:36
[13-Nov-2018 05:18:53 UTC] PHP Warning:  Illegal string offset 'itemID' in /home/ubuntu/workspace/cst336/labs/scart/functions.php on line 42
[13-Nov-2018 05:18:53 UTC] PHP Stack trace:
[13-Nov-2018 05:18:53 UTC] PHP   1. {main}() /home/ubuntu/workspace/cst336/labs/scart/scart.php:0
[13-Nov-2018 05:18:53 UTC] PHP   2. displayCart() /home/ubuntu/workspace/cst336/labs/scart/scart.php:36
[13-Nov-2018 05:18:53 UTC] PHP Warning:  Illegal string offset 'name' in /home/ubuntu/workspace/cst336/labs/scart/functions.php on line 39
[13-Nov-2018 05:18:53 UTC] PHP Stack trace:
[13-Nov-2018 05:18:53 UTC] PHP   1. {main}() /home/ubuntu/workspace/cst336/labs/scart/scart.php:0
[13-Nov-2018 05:18:53 UTC] PHP   2. displayCart() /home/ubuntu/workspace/cst336/labs/scart/scart.php:36
[13-Nov-2018 05:18:53 UTC] PHP Warning:  Illegal string offset 'salePrice' in /home/ubuntu/workspace/cst336/labs/scart/functions.php on line 40
[13-Nov-2018 05:18:53 UTC] PHP Stack trace:
[13-Nov-2018 05:18:53 UTC] PHP   1. {main}() /home/ubuntu/workspace/cst336/labs/scart/scart.php:0
[13-Nov-2018 05:18:53 UTC] PHP   2. displayCart() /home/ubuntu/workspace/cst336/labs/scart/scart.php:36
[13-Nov-2018 05:18:53 UTC] PHP Warning:  Illegal string offset 'thumbnailImage' in /home/ubuntu/workspace/cst336/labs/scart/functions.php on line 41
[13-Nov-2018 05:18:53 UTC] PHP Stack trace:
[13-Nov-2018 05:18:53 UTC] PHP   1. {main}() /home/ubuntu/workspace/cst336/labs/scart/scart.php:0
[13-Nov-2018 05:18:53 UTC] PHP   2. displayCart() /home/ubuntu/workspace/cst336/labs/scart/scart.php:36
[13-Nov-2018 05:18:53 UTC] PHP Warning:  Illegal string offset 'itemID' in /home/ubuntu/workspace/cst336/labs/scart/functions.php on line 42
[13-Nov-2018 05:18:53 UTC] PHP Stack trace:
[13-Nov-2018 05:18:53 UTC] PHP   1. {main}() /home/ubuntu/workspace/cst336/labs/scart/scart.php:0
[13-Nov-2018 05:18:53 UTC] PHP   2. displayCart() /home/ubuntu/workspace/cst336/labs/scart/scart.php:36
[14-Nov-2018 01:29:57 UTC] PHP Warning:  Invalid argument supplied for foreach() in /home/ubuntu/workspace/cst336/labs/lab5/index.php on line 40
[14-Nov-2018 01:29:57 UTC] PHP Stack trace:
[14-Nov-2018 01:29:57 UTC] PHP   1. {main}() /home/ubuntu/workspace/cst336/labs/lab5/index.php:0
[14-Nov-2018 01:29:57 UTC] PHP   2. displaySearchResults() /home/ubuntu/workspace/cst336/labs/lab5/index.php:86
[14-Nov-2018 02:25:38 UTC] PHP Parse error:  syntax error, unexpected '"', expecting identifier (T_STRING) or variable (T_VARIABLE) or number (T_NUM_STRING) in /home/ubuntu/workspace/cst336/labs/lab5/index.php on line 65
[14-Nov-2018 02:37:17 UTC] PHP Parse error:  syntax error, unexpected '$records' (T_VARIABLE), expecting '(' in /home/ubuntu/workspace/cst336/labs/lab5/purchaseHistory.php on line 18
[18-Nov-2018 03:15:41 UTC] PHP Fatal error:  Uncaught exception 'PDOException' with message 'SQLSTATE[42000]: Syntax error or access violation: 1064 You have an error in your SQL syntax; check the manual that corresponds to your MySQL server version for the right syntax to use near '== 'Albert Einstein'' at line 1' in /home/ubuntu/workspace/cst336/labs/lab5/index.php:13
Stack trace:
#0 /home/ubuntu/workspace/cst336/labs/lab5/index.php(13): PDOStatement->execute()
#1 /home/ubuntu/workspace/cst336/labs/lab5/index.php(83): displayEinsteinQuotes()
#2 {main}
  thrown in /home/ubuntu/workspace/cst336/labs/lab5/index.php on line 13
[19-Nov-2018 06:36:12 UTC] PHP Parse error:  syntax error, unexpected '}' in /home/ubuntu/workspace/cst336/labs/lab5/admin.php on line 57
[19-Nov-2018 06:36:54 UTC] PHP Fatal error:  Call to undefined function getDatabaseConnection() in /home/ubuntu/workspace/cst336/labs/lab5/admin.php on line 7
[19-Nov-2018 06:36:54 UTC] PHP Stack trace:
[19-Nov-2018 06:36:54 UTC] PHP   1. {main}() /home/ubuntu/workspace/cst336/labs/lab5/admin.php:0
[20-Nov-2018 05:56:51 UTC] PHP Fatal error:  Call to undefined function getCategories() in /home/ubuntu/workspace/cst336/labs/lab5/addProduct.php on line 38
[20-Nov-2018 05:56:51 UTC] PHP Stack trace:
[20-Nov-2018 05:56:51 UTC] PHP   1. {main}() /home/ubuntu/workspace/cst336/labs/lab5/addProduct.php:0
[20-Nov-2018 05:57:05 UTC] PHP Parse error:  syntax error, unexpected '$statement' (T_VARIABLE) in /home/ubuntu/workspace/cst336/labs/lab5/addProduct.php on line 15
[20-Nov-2018 06:11:54 UTC] PHP Fatal error:  Uncaught exception 'PDOException' with message 'SQLSTATE[23000]: Integrity constraint violation: 1048 Column 'productImage' cannot be null' in /home/ubuntu/workspace/cst336/labs/lab5/addProduct.php:41
Stack trace:
#0 /home/ubuntu/workspace/cst336/labs/lab5/addProduct.php(41): PDOStatement->execute(Array)
#1 {main}
  thrown in /home/ubuntu/workspace/cst336/labs/lab5/addProduct.php on line 41
[20-Nov-2018 06:12:16 UTC] PHP Fatal error:  Uncaught exception 'PDOException' with message 'SQLSTATE[23000]: Integrity constraint violation: 1048 Column 'productImage' cannot be null' in /home/ubuntu/workspace/cst336/labs/lab5/addProduct.php:41
Stack trace:
#0 /home/ubuntu/workspace/cst336/labs/lab5/addProduct.php(41): PDOStatement->execute(Array)
#1 {main}
  thrown in /home/ubuntu/workspace/cst336/labs/lab5/addProduct.php on line 41
[20-Nov-2018 06:12:23 UTC] PHP Fatal error:  Uncaught exception 'PDOException' with message 'SQLSTATE[23000]: Integrity constraint violation: 1048 Column 'productImage' cannot be null' in /home/ubuntu/workspace/cst336/labs/lab5/addProduct.php:41
Stack trace:
#0 /home/ubuntu/workspace/cst336/labs/lab5/addProduct.php(41): PDOStatement->execute(Array)
#1 {main}
  thrown in /home/ubuntu/workspace/cst336/labs/lab5/addProduct.php on line 41
[20-Nov-2018 06:12:49 UTC] PHP Fatal error:  Uncaught exception 'PDOException' with message 'SQLSTATE[23000]: Integrity constraint violation: 1048 Column 'productImage' cannot be null' in /home/ubuntu/workspace/cst336/labs/lab5/addProduct.php:41
Stack trace:
#0 /home/ubuntu/workspace/cst336/labs/lab5/addProduct.php(41): PDOStatement->execute(Array)
#1 {main}
  thrown in /home/ubuntu/workspace/cst336/labs/lab5/addProduct.php on line 41
[20-Nov-2018 06:40:04 UTC] PHP Fatal error:  Call to a member function prepare() on a non-object in /home/ubuntu/workspace/cst336/labs/lab5/updateProduct.php on line 29
[20-Nov-2018 06:40:04 UTC] PHP Stack trace:
[20-Nov-2018 06:40:04 UTC] PHP   1. {main}() /home/ubuntu/workspace/cst336/labs/lab5/updateProduct.php:0
[20-Nov-2018 06:40:04 UTC] PHP   2. getProductInfo() /home/ubuntu/workspace/cst336/labs/lab5/updateProduct.php:60
[21-Nov-2018 00:36:53 UTC] PHP Fatal error:  Call to a member function prepare() on a non-object in /home/ubuntu/workspace/cst336/labs/lab5/deleteProduct.php on line 11
[21-Nov-2018 00:36:53 UTC] PHP Stack trace:
[21-Nov-2018 00:36:53 UTC] PHP   1. {main}() /home/ubuntu/workspace/cst336/labs/lab5/deleteProduct.php:0
